# JRE version: Java(TM) SE Runtime Environment (8.0_201-b09) (build 1.8.0_201-b09)
# Java VM: Java HotSpot(TM) 64-Bit Server VM (25.201-b09 mixed mode windows-amd64 compressed oops)
Heap:
 PSYoungGen      total 141824K, used 79622K [0x000000076af00000, 0x0000000774400000, 0x00000007c0000000)
  eden space 131072K, 60% used [0x000000076af00000,0x000000076fcc1b78,0x0000000772f00000)
  from space 10752K, 0% used [0x0000000772f00000,0x0000000772f00000,0x0000000773980000)
  to   space 10752K, 0% used [0x0000000773980000,0x0000000773980000,0x0000000774400000)
 ParOldGen       total 122880K, used 9579K [0x00000006c0c00000, 0x00000006c8400000, 0x000000076af00000)
  object space 122880K, 7% used [0x00000006c0c00000,0x00000006c155aec0,0x00000006c8400000)
 Metaspace       used 29990K, capacity 31230K, committed 31360K, reserved 1077248K
  class space    used 3851K, capacity 4161K, committed 4224K, reserved 1048576K
GC Heap History (8 events):
Event: 0.801 GC heap before
{Heap before GC invocations=1 (full 0):
 PSYoungGen      total 76288K, used 65536K [0x000000076af00000, 0x0000000770400000, 0x00000007c0000000)
  eden space 65536K, 100% used [0x000000076af00000,0x000000076ef00000,0x000000076ef00000)
  from space 10752K, 0% used [0x000000076f980000,0x000000076f980000,0x0000000770400000)
  to   space 10752K, 0% used [0x000000076ef00000,0x000000076ef00000,0x000000076f980000)
 ParOldGen       total 175104K, used 0K [0x00000006c0c00000, 0x00000006cb700000, 0x000000076af00000)
  object space 175104K, 0% used [0x00000006c0c00000,0x00000006c0c00000,0x00000006cb700000)
 Metaspace       used 11115K, capacity 11198K, committed 11520K, reserved 1058816K
  class space    used 1362K, capacity 1411K, committed 1536K, reserved 1048576K
Event: 0.814 GC heap after
Heap after GC invocations=1 (full 0):
 PSYoungGen      total 76288K, used 9451K [0x000000076af00000, 0x0000000774400000, 0x00000007c0000000)
  eden space 65536K, 0% used [0x000000076af00000,0x000000076af00000,0x000000076ef00000)
  from space 10752K, 87% used [0x000000076ef00000,0x000000076f83ae58,0x000000076f980000)
  to   space 10752K, 0% used [0x0000000773980000,0x0000000773980000,0x0000000774400000)
 ParOldGen       total 175104K, used 16K [0x00000006c0c00000, 0x00000006cb700000, 0x000000076af00000)
  object space 175104K, 0% used [0x00000006c0c00000,0x00000006c0c04000,0x00000006cb700000)
 Metaspace       used 11115K, capacity 11198K, committed 11520K, reserved 1058816K
  class space    used 1362K, capacity 1411K, committed 1536K, reserved 1048576K
}
Event: 1.601 GC heap before
{Heap before GC invocations=2 (full 0):
 PSYoungGen      total 76288K, used 74987K [0x000000076af00000, 0x0000000774400000, 0x00000007c0000000)
  eden space 65536K, 100% used [0x000000076af00000,0x000000076ef00000,0x000000076ef00000)
  from space 10752K, 87% used [0x000000076ef00000,0x000000076f83ae58,0x000000076f980000)
  to   space 10752K, 0% used [0x0000000773980000,0x0000000773980000,0x0000000774400000)
 ParOldGen       total 175104K, used 16K [0x00000006c0c00000, 0x00000006cb700000, 0x000000076af00000)
  object space 175104K, 0% used [0x00000006c0c00000,0x00000006c0c04000,0x00000006cb700000)
 Metaspace       used 15544K, capacity 15764K, committed 16128K, reserved 1062912K
  class space    used 1862K, capacity 1974K, committed 2048K, reserved 1048576K
Event: 1.609 GC heap after
Heap after GC invocations=2 (full 0):
 PSYoungGen      total 141824K, used 9813K [0x000000076af00000, 0x0000000774400000, 0x00000007c0000000)
  eden space 131072K, 0% used [0x000000076af00000,0x000000076af00000,0x0000000772f00000)
  from space 10752K, 91% used [0x0000000773980000,0x0000000774315540,0x0000000774400000)
  to   space 10752K, 0% used [0x0000000772f00000,0x0000000772f00000,0x0000000773980000)
 ParOldGen       total 175104K, used 24K [0x00000006c0c00000, 0x00000006cb700000, 0x000000076af00000)
  object space 175104K, 0% used [0x00000006c0c00000,0x00000006c0c06000,0x00000006cb700000)
 Metaspace       used 15544K, capacity 15764K, committed 16128K, reserved 1062912K
  class space    used 1862K, capacity 1974K, committed 2048K, reserved 1048576K
}
Event: 2.941 GC heap before
{Heap before GC invocations=3 (full 0):
 PSYoungGen      total 141824K, used 49689K [0x000000076af00000, 0x0000000774400000, 0x00000007c0000000)
  eden space 131072K, 30% used [0x000000076af00000,0x000000076d5f10e0,0x0000000772f00000)
  from space 10752K, 91% used [0x0000000773980000,0x0000000774315540,0x0000000774400000)
  to   space 10752K, 0% used [0x0000000772f00000,0x0000000772f00000,0x0000000773980000)
 ParOldGen       total 175104K, used 24K [0x00000006c0c00000, 0x00000006cb700000, 0x000000076af00000)
  object space 175104K, 0% used [0x00000006c0c00000,0x00000006c0c06000,0x00000006cb700000)
 Metaspace       used 20524K, capacity 21146K, committed 21248K, reserved 1067008K
  class space    used 2504K, capacity 2719K, committed 2816K, reserved 1048576K
Event: 2.948 GC heap after
Heap after GC invocations=3 (full 0):
 PSYoungGen      total 141824K, used 9870K [0x000000076af00000, 0x0000000774400000, 0x00000007c0000000)
  eden space 131072K, 0% used [0x000000076af00000,0x000000076af00000,0x0000000772f00000)
  from space 10752K, 91% used [0x0000000772f00000,0x00000007738a3980,0x0000000773980000)
  to   space 10752K, 0% used [0x0000000773980000,0x0000000773980000,0x0000000774400000)
 ParOldGen       total 175104K, used 32K [0x00000006c0c00000, 0x00000006cb700000, 0x000000076af00000)
  object space 175104K, 0% used [0x00000006c0c00000,0x00000006c0c08000,0x00000006cb700000)
 Metaspace       used 20524K, capacity 21146K, committed 21248K, reserved 1067008K
  class space    used 2504K, capacity 2719K, committed 2816K, reserved 1048576K
}
Event: 2.948 GC heap before
{Heap before GC invocations=4 (full 1):
 PSYoungGen      total 141824K, used 9870K [0x000000076af00000, 0x0000000774400000, 0x00000007c0000000)
  eden space 131072K, 0% used [0x000000076af00000,0x000000076af00000,0x0000000772f00000)
  from space 10752K, 91% used [0x0000000772f00000,0x00000007738a3980,0x0000000773980000)
  to   space 10752K, 0% used [0x0000000773980000,0x0000000773980000,0x0000000774400000)
 ParOldGen       total 175104K, used 32K [0x00000006c0c00000, 0x00000006cb700000, 0x000000076af00000)
  object space 175104K, 0% used [0x00000006c0c00000,0x00000006c0c08000,0x00000006cb700000)
 Metaspace       used 20524K, capacity 21146K, committed 21248K, reserved 1067008K
  class space    used 2504K, capacity 2719K, committed 2816K, reserved 1048576K
Event: 3.025 GC heap after
Heap after GC invocations=4 (full 1):
 PSYoungGen      total 141824K, used 0K [0x000000076af00000, 0x0000000774400000, 0x00000007c0000000)
  eden space 131072K, 0% used [0x000000076af00000,0x000000076af00000,0x0000000772f00000)
  from space 10752K, 0% used [0x0000000772f00000,0x0000000772f00000,0x0000000773980000)
  to   space 10752K, 0% used [0x0000000773980000,0x0000000773980000,0x0000000774400000)
 ParOldGen       total 122880K, used 9579K [0x00000006c0c00000, 0x00000006c8400000, 0x000000076af00000)
  object space 122880K, 7% used [0x00000006c0c00000,0x00000006c155aec0,0x00000006c8400000)
 Metaspace       used 20524K, capacity 21146K, committed 21248K, reserved 1067008K
  class space    used 2504K, capacity 2719K, committed 2816K, reserved 1048576K
}

