# JRE version: OpenJDK Runtime Environment Temurin-21.0.10+7 (21.0.10+7) (build 21.0.10+7-LTS)
# Java VM: OpenJDK 64-Bit Server VM Temurin-21.0.10+7 (21.0.10+7-LTS, mixed mode, sharing, tiered, compressed oops, compressed class ptrs, parallel gc, windows-amd64)
GC Precious Log:
 CardTable entry size: 512
 CPUs: 16 total, 16 available
 Memory: 16334M
 Large Page Support: Disabled
 NUMA Support: Disabled
 Compressed Oops: Enabled (32-bit)
 Alignments: Space 512K, Generation 512K, Heap 2M
 Heap Min Capacity: 100M
 Heap Initial Capacity: 100M
 Heap Max Capacity: 2G
 Pre-touch: Disabled
 Parallel Workers: 13
Heap:
 PSYoungGen      total 4096K, used 2435K [0x00000000d5580000, 0x00000000d5f80000, 0x0000000100000000)
  eden space 2560K, 35% used [0x00000000d5580000,0x00000000d56661a0,0x00000000d5800000)
  from space 1536K, 98% used [0x00000000d5b00000,0x00000000d5c7ad10,0x00000000d5c80000)
  to   space 3072K, 0% used [0x00000000d5800000,0x00000000d5800000,0x00000000d5b00000)
 ParOldGen       total 1135104K, used 1135055K [0x0000000080000000, 0x00000000c5480000, 0x00000000d5580000)
  object space 1135104K, 99% used [0x0000000080000000,0x00000000c5473dc0,0x00000000c5480000)
 Metaspace       used 106524K, committed 108416K, reserved 1179648K
  class space    used 10088K, committed 11008K, reserved 1048576K
GC Heap History (20 events):
Event: 279241.859 GC heap before
{Heap before GC invocations=31783 (full 18):
 PSYoungGen      total 7680K, used 7104K [0x00000000d5580000, 0x00000000d6080000, 0x0000000100000000)
  eden space 4096K, 93% used [0x00000000d5580000,0x00000000d5942378,0x00000000d5980000)
  from space 3584K, 90% used [0x00000000d5d00000,0x00000000d602dd40,0x00000000d6080000)
  to   space 3584K, 0% used [0x00000000d5980000,0x00000000d5980000,0x00000000d5d00000)
 ParOldGen       total 1120768K, used 1120677K [0x0000000080000000, 0x00000000c4680000, 0x00000000d5580000)
  object space 1120768K, 99% used [0x0000000080000000,0x00000000c46695f0,0x00000000c4680000)
 Metaspace       used 106524K, committed 108416K, reserved 1179648K
  class space    used 10088K, committed 11008K, reserved 1048576K
}
Event: 279241.863 GC heap after
{Heap after GC invocations=31783 (full 18):
 PSYoungGen      total 6656K, used 2263K [0x00000000d5580000, 0x00000000d5f80000, 0x0000000100000000)
  eden space 4096K, 0% used [0x00000000d5580000,0x00000000d5580000,0x00000000d5980000)
  from space 2560K, 88% used [0x00000000d5980000,0x00000000d5bb5dc0,0x00000000d5c00000)
  to   space 3072K, 0% used [0x00000000d5c80000,0x00000000d5c80000,0x00000000d5f80000)
 ParOldGen       total 1123840K, used 1123788K [0x0000000080000000, 0x00000000c4980000, 0x00000000d5580000)
  object space 1123840K, 99% used [0x0000000080000000,0x00000000c4973330,0x00000000c4980000)
 Metaspace       used 106524K, committed 108416K, reserved 1179648K
  class space    used 10088K, committed 11008K, reserved 1048576K
}
Event: 279241.873 GC heap before
{Heap before GC invocations=31784 (full 18):
 PSYoungGen      total 6656K, used 6359K [0x00000000d5580000, 0x00000000d5f80000, 0x0000000100000000)
  eden space 4096K, 99% used [0x00000000d5580000,0x00000000d597ffe8,0x00000000d5980000)
  from space 2560K, 88% used [0x00000000d5980000,0x00000000d5bb5dc0,0x00000000d5c00000)
  to   space 3072K, 0% used [0x00000000d5c80000,0x00000000d5c80000,0x00000000d5f80000)
 ParOldGen       total 1123840K, used 1123788K [0x0000000080000000, 0x00000000c4980000, 0x00000000d5580000)
  object space 1123840K, 99% used [0x0000000080000000,0x00000000c4973330,0x00000000c4980000)
 Metaspace       used 106524K, committed 108416K, reserved 1179648K
  class space    used 10088K, committed 11008K, reserved 1048576K
}
Event: 279241.877 GC heap after
{Heap after GC invocations=31784 (full 18):
 PSYoungGen      total 6144K, used 1990K [0x00000000d5580000, 0x00000000d5e80000, 0x0000000100000000)
  eden space 4096K, 0% used [0x00000000d5580000,0x00000000d5580000,0x00000000d5980000)
  from space 2048K, 97% used [0x00000000d5c80000,0x00000000d5e71ab0,0x00000000d5e80000)
  to   space 2560K, 0% used [0x00000000d5980000,0x00000000d5980000,0x00000000d5c00000)
 ParOldGen       total 1127936K, used 1127757K [0x0000000080000000, 0x00000000c4d80000, 0x00000000d5580000)
  object space 1127936K, 99% used [0x0000000080000000,0x00000000c4d534f8,0x00000000c4d80000)
 Metaspace       used 106524K, committed 108416K, reserved 1179648K
  class space    used 10088K, committed 11008K, reserved 1048576K
}
Event: 279241.890 GC heap before
{Heap before GC invocations=31785 (full 18):
 PSYoungGen      total 6144K, used 6086K [0x00000000d5580000, 0x00000000d5e80000, 0x0000000100000000)
  eden space 4096K, 100% used [0x00000000d5580000,0x00000000d5980000,0x00000000d5980000)
  from space 2048K, 97% used [0x00000000d5c80000,0x00000000d5e71ab0,0x00000000d5e80000)
  to   space 2560K, 0% used [0x00000000d5980000,0x00000000d5980000,0x00000000d5c00000)
 ParOldGen       total 1127936K, used 1127757K [0x0000000080000000, 0x00000000c4d80000, 0x00000000d5580000)
  object space 1127936K, 99% used [0x0000000080000000,0x00000000c4d534f8,0x00000000c4d80000)
 Metaspace       used 106524K, committed 108416K, reserved 1179648K
  class space    used 10088K, committed 11008K, reserved 1048576K
}
Event: 279241.892 GC heap after
{Heap after GC invocations=31785 (full 18):
 PSYoungGen      total 5632K, used 1101K [0x00000000d5580000, 0x00000000d5d00000, 0x0000000100000000)
  eden space 4096K, 0% used [0x00000000d5580000,0x00000000d5580000,0x00000000d5980000)
  from space 1536K, 71% used [0x00000000d5980000,0x00000000d5a93640,0x00000000d5b00000)
  to   space 1536K, 0% used [0x00000000d5b80000,0x00000000d5b80000,0x00000000d5d00000)
 ParOldGen       total 1129984K, used 1129648K [0x0000000080000000, 0x00000000c4f80000, 0x00000000d5580000)
  object space 1129984K, 99% used [0x0000000080000000,0x00000000c4f2c350,0x00000000c4f80000)
 Metaspace       used 106524K, committed 108416K, reserved 1179648K
  class space    used 10088K, committed 11008K, reserved 1048576K
}
Event: 279241.906 GC heap before
{Heap before GC invocations=31786 (full 18):
 PSYoungGen      total 5632K, used 5197K [0x00000000d5580000, 0x00000000d5d00000, 0x0000000100000000)
  eden space 4096K, 100% used [0x00000000d5580000,0x00000000d5980000,0x00000000d5980000)
  from space 1536K, 71% used [0x00000000d5980000,0x00000000d5a93640,0x00000000d5b00000)
  to   space 1536K, 0% used [0x00000000d5b80000,0x00000000d5b80000,0x00000000d5d00000)
 ParOldGen       total 1129984K, used 1129648K [0x0000000080000000, 0x00000000c4f80000, 0x00000000d5580000)
  object space 1129984K, 99% used [0x0000000080000000,0x00000000c4f2c350,0x00000000c4f80000)
 Metaspace       used 106524K, committed 108416K, reserved 1179648K
  class space    used 10088K, committed 11008K, reserved 1048576K
}
Event: 279241.909 GC heap after
{Heap after GC invocations=31786 (full 18):
 PSYoungGen      total 5632K, used 1104K [0x00000000d5580000, 0x00000000d5d00000, 0x0000000100000000)
  eden space 4096K, 0% used [0x00000000d5580000,0x00000000d5580000,0x00000000d5980000)
  from space 1536K, 71% used [0x00000000d5b80000,0x00000000d5c94010,0x00000000d5d00000)
  to   space 1536K, 0% used [0x00000000d5980000,0x00000000d5980000,0x00000000d5b00000)
 ParOldGen       total 1131008K, used 1130665K [0x0000000080000000, 0x00000000c5080000, 0x00000000d5580000)
  object space 1131008K, 99% used [0x0000000080000000,0x00000000c502a4c0,0x00000000c5080000)
 Metaspace       used 106524K, committed 108416K, reserved 1179648K
  class space    used 10088K, committed 11008K, reserved 1048576K
}
Event: 279241.923 GC heap before
{Heap before GC invocations=31787 (full 18):
 PSYoungGen      total 5632K, used 5200K [0x00000000d5580000, 0x00000000d5d00000, 0x0000000100000000)
  eden space 4096K, 100% used [0x00000000d5580000,0x00000000d5980000,0x00000000d5980000)
  from space 1536K, 71% used [0x00000000d5b80000,0x00000000d5c94010,0x00000000d5d00000)
  to   space 1536K, 0% used [0x00000000d5980000,0x00000000d5980000,0x00000000d5b00000)
 ParOldGen       total 1131008K, used 1130665K [0x0000000080000000, 0x00000000c5080000, 0x00000000d5580000)
  object space 1131008K, 99% used [0x0000000080000000,0x00000000c502a4c0,0x00000000c5080000)
 Metaspace       used 106524K, committed 108416K, reserved 1179648K
  class space    used 10088K, committed 11008K, reserved 1048576K
}
Event: 279241.925 GC heap after
{Heap after GC invocations=31787 (full 18):
 PSYoungGen      total 5632K, used 1264K [0x00000000d5580000, 0x00000000d5c80000, 0x0000000100000000)
  eden space 4096K, 0% used [0x00000000d5580000,0x00000000d5580000,0x00000000d5980000)
  from space 1536K, 82% used [0x00000000d5980000,0x00000000d5abc030,0x00000000d5b00000)
  to   space 1536K, 0% used [0x00000000d5b00000,0x00000000d5b00000,0x00000000d5c80000)
 ParOldGen       total 1132032K, used 1131525K [0x0000000080000000, 0x00000000c5180000, 0x00000000d5580000)
  object space 1132032K, 99% used [0x0000000080000000,0x00000000c51014f0,0x00000000c5180000)
 Metaspace       used 106524K, committed 108416K, reserved 1179648K
  class space    used 10088K, committed 11008K, reserved 1048576K
}
Event: 279241.939 GC heap before
{Heap before GC invocations=31788 (full 18):
 PSYoungGen      total 5632K, used 5360K [0x00000000d5580000, 0x00000000d5c80000, 0x0000000100000000)
  eden space 4096K, 100% used [0x00000000d5580000,0x00000000d5980000,0x00000000d5980000)
  from space 1536K, 82% used [0x00000000d5980000,0x00000000d5abc030,0x00000000d5b00000)
  to   space 1536K, 0% used [0x00000000d5b00000,0x00000000d5b00000,0x00000000d5c80000)
 ParOldGen       total 1132032K, used 1131525K [0x0000000080000000, 0x00000000c5180000, 0x00000000d5580000)
  object space 1132032K, 99% used [0x0000000080000000,0x00000000c51014f0,0x00000000c5180000)
 Metaspace       used 106524K, committed 108416K, reserved 1179648K
  class space    used 10088K, committed 11008K, reserved 1048576K
}
Event: 279241.942 GC heap after
{Heap after GC invocations=31788 (full 18):
 PSYoungGen      total 5632K, used 977K [0x00000000d5580000, 0x00000000d5c80000, 0x0000000100000000)
  eden space 4096K, 0% used [0x00000000d5580000,0x00000000d5580000,0x00000000d5980000)
  from space 1536K, 63% used [0x00000000d5b00000,0x00000000d5bf44c0,0x00000000d5c80000)
  to   space 1536K, 0% used [0x00000000d5980000,0x00000000d5980000,0x00000000d5b00000)
 ParOldGen       total 1132544K, used 1132537K [0x0000000080000000, 0x00000000c5200000, 0x00000000d5580000)
  object space 1132544K, 99% used [0x0000000080000000,0x00000000c51fe430,0x00000000c5200000)
 Metaspace       used 106524K, committed 108416K, reserved 1179648K
  class space    used 10088K, committed 11008K, reserved 1048576K
}
Event: 279241.959 GC heap before
{Heap before GC invocations=31789 (full 18):
 PSYoungGen      total 5632K, used 5071K [0x00000000d5580000, 0x00000000d5c80000, 0x0000000100000000)
  eden space 4096K, 99% used [0x00000000d5580000,0x00000000d597fb38,0x00000000d5980000)
  from space 1536K, 63% used [0x00000000d5b00000,0x00000000d5bf44c0,0x00000000d5c80000)
  to   space 1536K, 0% used [0x00000000d5980000,0x00000000d5980000,0x00000000d5b00000)
 ParOldGen       total 1132544K, used 1132537K [0x0000000080000000, 0x00000000c5200000, 0x00000000d5580000)
  object space 1132544K, 99% used [0x0000000080000000,0x00000000c51fe430,0x00000000c5200000)
 Metaspace       used 106524K, committed 108416K, reserved 1179648K
  class space    used 10088K, committed 11008K, reserved 1048576K
}
Event: 279241.962 GC heap after
{Heap after GC invocations=31789 (full 18):
 PSYoungGen      total 5120K, used 896K [0x00000000d5580000, 0x00000000d5b80000, 0x0000000100000000)
  eden space 4096K, 0% used [0x00000000d5580000,0x00000000d5580000,0x00000000d5980000)
  from space 1024K, 87% used [0x00000000d5980000,0x00000000d5a60000,0x00000000d5a80000)
  to   space 1024K, 0% used [0x00000000d5a80000,0x00000000d5a80000,0x00000000d5b80000)
 ParOldGen       total 1133568K, used 1133218K [0x0000000080000000, 0x00000000c5300000, 0x00000000d5580000)
  object space 1133568K, 99% used [0x0000000080000000,0x00000000c52a8a30,0x00000000c5300000)
 Metaspace       used 106524K, committed 108416K, reserved 1179648K
  class space    used 10088K, committed 11008K, reserved 1048576K
}
Event: 279241.980 GC heap before
{Heap before GC invocations=31790 (full 18):
 PSYoungGen      total 5120K, used 4992K [0x00000000d5580000, 0x00000000d5b80000, 0x0000000100000000)
  eden space 4096K, 100% used [0x00000000d5580000,0x00000000d5980000,0x00000000d5980000)
  from space 1024K, 87% used [0x00000000d5980000,0x00000000d5a60000,0x00000000d5a80000)
  to   space 1024K, 0% used [0x00000000d5a80000,0x00000000d5a80000,0x00000000d5b80000)
 ParOldGen       total 1133568K, used 1133218K [0x0000000080000000, 0x00000000c5300000, 0x00000000d5580000)
  object space 1133568K, 99% used [0x0000000080000000,0x00000000c52a8a30,0x00000000c5300000)
 Metaspace       used 106524K, committed 108416K, reserved 1179648K
  class space    used 10088K, committed 11008K, reserved 1048576K
}
Event: 279241.982 GC heap after
{Heap after GC invocations=31790 (full 18):
 PSYoungGen      total 5120K, used 320K [0x00000000d5580000, 0x00000000d5b80000, 0x0000000100000000)
  eden space 4096K, 0% used [0x00000000d5580000,0x00000000d5580000,0x00000000d5980000)
  from space 1024K, 31% used [0x00000000d5a80000,0x00000000d5ad0000,0x00000000d5b80000)
  to   space 1024K, 0% used [0x00000000d5980000,0x00000000d5980000,0x00000000d5a80000)
 ParOldGen       total 1134080K, used 1133852K [0x0000000080000000, 0x00000000c5380000, 0x00000000d5580000)
  object space 1134080K, 99% used [0x0000000080000000,0x00000000c5347068,0x00000000c5380000)
 Metaspace       used 106524K, committed 108416K, reserved 1179648K
  class space    used 10088K, committed 11008K, reserved 1048576K
}
Event: 279242.517 GC heap before
{Heap before GC invocations=31791 (full 18):
 PSYoungGen      total 5120K, used 4416K [0x00000000d5580000, 0x00000000d5b80000, 0x0000000100000000)
  eden space 4096K, 100% used [0x00000000d5580000,0x00000000d5980000,0x00000000d5980000)
  from space 1024K, 31% used [0x00000000d5a80000,0x00000000d5ad0000,0x00000000d5b80000)
  to   space 1024K, 0% used [0x00000000d5980000,0x00000000d5980000,0x00000000d5a80000)
 ParOldGen       total 1134080K, used 1133852K [0x0000000080000000, 0x00000000c5380000, 0x00000000d5580000)
  object space 1134080K, 99% used [0x0000000080000000,0x00000000c5347068,0x00000000c5380000)
 Metaspace       used 106524K, committed 108416K, reserved 1179648K
  class space    used 10088K, committed 11008K, reserved 1048576K
}
Event: 279242.519 GC heap after
{Heap after GC invocations=31791 (full 18):
 PSYoungGen      total 5120K, used 1000K [0x00000000d5580000, 0x00000000d5c80000, 0x0000000100000000)
  eden space 4096K, 0% used [0x00000000d5580000,0x00000000d5580000,0x00000000d5980000)
  from space 1024K, 97% used [0x00000000d5980000,0x00000000d5a7a340,0x00000000d5a80000)
  to   space 1536K, 0% used [0x00000000d5b00000,0x00000000d5b00000,0x00000000d5c80000)
 ParOldGen       total 1134080K, used 1133940K [0x0000000080000000, 0x00000000c5380000, 0x00000000d5580000)
  object space 1134080K, 99% used [0x0000000080000000,0x00000000c535d398,0x00000000c5380000)
 Metaspace       used 106524K, committed 108416K, reserved 1179648K
  class space    used 10088K, committed 11008K, reserved 1048576K
}
Event: 279242.538 GC heap before
{Heap before GC invocations=31792 (full 18):
 PSYoungGen      total 5120K, used 5096K [0x00000000d5580000, 0x00000000d5c80000, 0x0000000100000000)
  eden space 4096K, 100% used [0x00000000d5580000,0x00000000d5980000,0x00000000d5980000)
  from space 1024K, 97% used [0x00000000d5980000,0x00000000d5a7a340,0x00000000d5a80000)
  to   space 1536K, 0% used [0x00000000d5b00000,0x00000000d5b00000,0x00000000d5c80000)
 ParOldGen       total 1134080K, used 1133940K [0x0000000080000000, 0x00000000c5380000, 0x00000000d5580000)
  object space 1134080K, 99% used [0x0000000080000000,0x00000000c535d398,0x00000000c5380000)
 Metaspace       used 106524K, committed 108416K, reserved 1179648K
  class space    used 10088K, committed 11008K, reserved 1048576K
}
Event: 279242.543 GC heap after
{Heap after GC invocations=31792 (full 18):
 PSYoungGen      total 4096K, used 1515K [0x00000000d5580000, 0x00000000d5f80000, 0x0000000100000000)
  eden space 2560K, 0% used [0x00000000d5580000,0x00000000d5580000,0x00000000d5800000)
  from space 1536K, 98% used [0x00000000d5b00000,0x00000000d5c7ad10,0x00000000d5c80000)
  to   space 3072K, 0% used [0x00000000d5800000,0x00000000d5800000,0x00000000d5b00000)
 ParOldGen       total 1135104K, used 1135055K [0x0000000080000000, 0x00000000c5480000, 0x00000000d5580000)
  object space 1135104K, 99% used [0x0000000080000000,0x00000000c5473dc0,0x00000000c5480000)
 Metaspace       used 106524K, committed 108416K, reserved 1179648K
  class space    used 10088K, committed 11008K, reserved 1048576K
}

