<?xml version="1.0" encoding="UTF-8" ?>
<testsuite tests="60" failures="0" name="com.sfb.BoardingTableTest" time="0.05" errors="0" skipped="0">
  <properties>
[...]
</properties>
  <testcase classname="com.sfb.BoardingTableTest" name="har_outstanding_roll6_bpReturns" time="0.024"/>
  <testcase classname="com.sfb.BoardingTableTest" name="guard_normal_roll6_conductHR" time="0"/>
  <testcase classname="com.sfb.BoardingTableTest" name="d7421_roll6_group6_is4" time="0.001"/>
  <testcase classname="com.sfb.BoardingTableTest" name="har_normal_roll6_bpReturns" time="0.001"/>
  <testcase classname="com.sfb.BoardingTableTest" name="boardingCombat_10AttackerBPs_usesSingleGroup" time="0.003"/>
  <testcase classname="com.sfb.BoardingTableTest" name="uncapturedRooms_allIntactInitially" time="0"/>
  <testcase classname="com.sfb.BoardingTableTest" name="guard_commando_roll3_bpReturns" time="0.001"/>
  <testcase classname="com.sfb.BoardingTableTest" name="securityMod_klingonNoStations_isZero" time="0"/>
  <testcase classname="com.sfb.BoardingTableTest" name="har_normal_roll5_bpDestroyed" time="0.001"/>
  <testcase classname="com.sfb.BoardingTableTest" name="har_poor_roll5_bpReturns" time="0"/>
  <testcase classname="com.sfb.BoardingTableTest" name="d7421_tableHas6Rows" time="0.001"/>
  <testcase classname="com.sfb.BoardingTableTest" name="har_normal_roll3_bpDestroyed" time="0.001"/>
  <testcase classname="com.sfb.BoardingTableTest" name="har_commando_roll1_systemAndBPReturns" time="0"/>
  <testcase classname="com.sfb.BoardingTableTest" name="guard_outstanding_roll3_bpReturns" time="0"/>
  <testcase classname="com.sfb.BoardingTableTest" name="har_poor_roll4_bpDestroyed" time="0"/>
  <testcase classname="com.sfb.BoardingTableTest" name="har_commando_roll2_bothDestroyed" time="0"/>
  <testcase classname="com.sfb.BoardingTableTest" name="har_outstanding_roll5_bpReturns" time="0.001"/>
  <testcase classname="com.sfb.BoardingTableTest" name="uncapturedRooms_notAffectedByDamageToOtherType" time="0"/>
  <testcase classname="com.sfb.BoardingTableTest" name="har_outstanding_roll2_systemAndBPReturns" time="0.001"/>
  <testcase classname="com.sfb.BoardingTableTest" name="guard_poor_roll4_bpDestroyed" time="0"/>
  <testcase classname="com.sfb.BoardingTableTest" name="guard_poor_roll6_conductHR" time="0.001"/>
  <testcase classname="com.sfb.BoardingTableTest" name="guard_outstanding_roll5_conductHR" time="0"/>
  <testcase classname="com.sfb.BoardingTableTest" name="guard_normal_roll5_bpReturns" time="0.001"/>
  <testcase classname="com.sfb.BoardingTableTest" name="har_outstanding_roll3_bothDestroyed" time="0"/>
  <testcase classname="com.sfb.BoardingTableTest" name="guard_normal_roll3_bpDestroyed" time="0.001"/>
  <testcase classname="com.sfb.BoardingTableTest" name="boardingCombat_23AttackerBPs_usesThreeGroups" time="0"/>
  <testcase classname="com.sfb.BoardingTableTest" name="d7421_roll6_group10_is6" time="0"/>
  <testcase classname="com.sfb.BoardingTableTest" name="har_outstanding_roll1_systemAndBPReturns" time="0"/>
  <testcase classname="com.sfb.BoardingTableTest" name="har_commando_roll6_bpReturns" time="0.001"/>
  <testcase classname="com.sfb.BoardingTableTest" name="har_poor_roll2_bpDestroyed" time="0"/>
  <testcase classname="com.sfb.BoardingTableTest" name="har_poor_roll1_bothDestroyed" time="0.001"/>
  <testcase classname="com.sfb.BoardingTableTest" name="securityMod_capturedStationsDoNotCount" time="0"/>
  <testcase classname="com.sfb.BoardingTableTest" name="guard_commando_roll4_conductHR" time="0.001"/>
  <testcase classname="com.sfb.BoardingTableTest" name="guard_normal_roll1_bpDestroyed" time="0"/>
  <testcase classname="com.sfb.BoardingTableTest" name="guard_poor_roll1_bpDestroyed" time="0.001"/>
  <testcase classname="com.sfb.BoardingTableTest" name="securityMod_klingonOneStation_isOne" time="0"/>
  <testcase classname="com.sfb.BoardingTableTest" name="har_poor_roll6_bpReturns" time="0"/>
  <testcase classname="com.sfb.BoardingTableTest" name="guard_outstanding_roll2_bpDestroyed" time="0.001"/>
  <testcase classname="com.sfb.BoardingTableTest" name="har_normal_roll1_systemAndBPReturns" time="0"/>
  <testcase classname="com.sfb.BoardingTableTest" name="har_normal_roll2_bothDestroyed" time="0.001"/>
  <testcase classname="com.sfb.BoardingTableTest" name="har_commando_roll3_bothDestroyed" time="0"/>
  <testcase classname="com.sfb.BoardingTableTest" name="har_outstanding_roll4_bpDestroyed" time="0"/>
  <testcase classname="com.sfb.BoardingTableTest" name="d7421_eachRowHas10Columns" time="0.001"/>
  <testcase classname="com.sfb.BoardingTableTest" name="d7421_roll1_group10_is2" time="0"/>
  <testcase classname="com.sfb.BoardingTableTest" name="crew_setAvailableBoardingParties_gainIncreasesNormal" time="0.001"/>
  <testcase classname="com.sfb.BoardingTableTest" name="d7421_roll1_group1_is0" time="0"/>
  <testcase classname="com.sfb.BoardingTableTest" name="d7421_roll1_group5_is1" time="0.001"/>
  <testcase classname="com.sfb.BoardingTableTest" name="har_commando_roll4_bpDestroyed" time="0"/>
  <testcase classname="com.sfb.BoardingTableTest" name="guard_normal_roll4_bpReturns" time="0"/>
  <testcase classname="com.sfb.BoardingTableTest" name="securityMod_klingonTwoOrMoreStations_isCappedAtTwo" time="0.001"/>
  <testcase classname="com.sfb.BoardingTableTest" name="guard_commando_roll2_bpDestroyed" time="0"/>
  <testcase classname="com.sfb.BoardingTableTest" name="uncapturedRooms_decreasesAfterCapture" time="0"/>
  <testcase classname="com.sfb.BoardingTableTest" name="guard_poor_roll5_bpReturns" time="0.001"/>
  <testcase classname="com.sfb.BoardingTableTest" name="d7421_roll3_group2_is1" time="0"/>
  <testcase classname="com.sfb.BoardingTableTest" name="guard_outstanding_roll4_bpReturns" time="0"/>
  <testcase classname="com.sfb.BoardingTableTest" name="har_commando_roll5_bpReturns" time="0.001"/>
  <testcase classname="com.sfb.BoardingTableTest" name="boardingCombat_11AttackerBPs_usesTwoGroups" time="0"/>
  <testcase classname="com.sfb.BoardingTableTest" name="d7421_roll4_group4_is2" time="0"/>
  <testcase classname="com.sfb.BoardingTableTest" name="d7421_roll5_group9_is5" time="0"/>
  <testcase classname="com.sfb.BoardingTableTest" name="securityMod_federationShip_isZero" time="0"/>
</testsuite>