<?xml version="1.0" encoding="UTF-8" ?>
<testsuite tests="38" failures="0" name="com.sfb.systemgroups.CloakingDeviceTest" time="0" errors="0" skipped="0">
  <properties>
[...]
</properties>
  <testcase classname="com.sfb.systemgroups.CloakingDeviceTest" name="testInitialStateIsInactive" time="0"/>
  <testcase classname="com.sfb.systemgroups.CloakingDeviceTest" name="testCloakBonusDuringFadeIn" time="0"/>
  <testcase classname="com.sfb.systemgroups.CloakingDeviceTest" name="testFadeInAdvancesToInactiveAfter5Impulses" time="0"/>
  <testcase classname="com.sfb.systemgroups.CloakingDeviceTest" name="testInvoluntaryDecloakWhenCostNotPaid" time="0"/>
  <testcase classname="com.sfb.systemgroups.CloakingDeviceTest" name="testCannotActivateWhenAlreadyFadingOut" time="0"/>
  <testcase classname="com.sfb.systemgroups.CloakingDeviceTest" name="testSecondDamageCallIsIgnored" time="0"/>
  <testcase classname="com.sfb.systemgroups.CloakingDeviceTest" name="testDeactivateFailsWhenAlreadyFadingIn" time="0"/>
  <testcase classname="com.sfb.systemgroups.CloakingDeviceTest" name="testInitiallyNotRestrictingActions" time="0"/>
  <testcase classname="com.sfb.systemgroups.CloakingDeviceTest" name="testCloakBonusDuringFadeOut" time="0"/>
  <testcase classname="com.sfb.systemgroups.CloakingDeviceTest" name="testInitiallyNoLockOnBreak" time="0"/>
  <testcase classname="com.sfb.systemgroups.CloakingDeviceTest" name="testActivateSucceedsWhenCostPaid" time="0"/>
  <testcase classname="com.sfb.systemgroups.CloakingDeviceTest" name="testCloakBonusIsZeroWhenInactive" time="0"/>
  <testcase classname="com.sfb.systemgroups.CloakingDeviceTest" name="testActionsAllowedAfterFullFadeIn" time="0"/>
  <testcase classname="com.sfb.systemgroups.CloakingDeviceTest" name="testInitiallyFunctional" time="0"/>
  <testcase classname="com.sfb.systemgroups.CloakingDeviceTest" name="testFadeOutAdvancesToFullyCloakedAfter5Impulses" time="0"/>
  <testcase classname="com.sfb.systemgroups.CloakingDeviceTest" name="testFadeStepDuringFadeIn" time="0"/>
  <testcase classname="com.sfb.systemgroups.CloakingDeviceTest" name="testNoLockOnBreakDuringFadeIn" time="0"/>
  <testcase classname="com.sfb.systemgroups.CloakingDeviceTest" name="testCannotDeactivateTwiceInOneTurn" time="0"/>
  <testcase classname="com.sfb.systemgroups.CloakingDeviceTest" name="testActionsRestrictedDuringFadeIn" time="0"/>
  <testcase classname="com.sfb.systemgroups.CloakingDeviceTest" name="testFadeStepIsZeroWhenInactive" time="0"/>
  <testcase classname="com.sfb.systemgroups.CloakingDeviceTest" name="testDamageWhileAlreadyFadingInDoesNotChangeFadeState" time="0"/>
  <testcase classname="com.sfb.systemgroups.CloakingDeviceTest" name="testDeactivateFailsWhenInactive" time="0"/>
  <testcase classname="com.sfb.systemgroups.CloakingDeviceTest" name="testNoInvoluntaryDecloakWhenAlreadyInactive" time="0"/>
  <testcase classname="com.sfb.systemgroups.CloakingDeviceTest" name="testNoInvoluntaryDecloakWhenCostPaid" time="0"/>
  <testcase classname="com.sfb.systemgroups.CloakingDeviceTest" name="testDamageRendersDeviceNonFunctional" time="0"/>
  <testcase classname="com.sfb.systemgroups.CloakingDeviceTest" name="testDeactivateFromFadingOut" time="0"/>
  <testcase classname="com.sfb.systemgroups.CloakingDeviceTest" name="testFadeStepIsZeroWhenFullyCloaked" time="0"/>
  <testcase classname="com.sfb.systemgroups.CloakingDeviceTest" name="testCannotActivateWhenFullyCloaked" time="0"/>
  <testcase classname="com.sfb.systemgroups.CloakingDeviceTest" name="testDamageWhileFadingOutForcesEmergencyFadeIn" time="0"/>
  <testcase classname="com.sfb.systemgroups.CloakingDeviceTest" name="testFullyCloakedRestrictsActions" time="0"/>
  <testcase classname="com.sfb.systemgroups.CloakingDeviceTest" name="testDamageWhileFullyCloakedForcesEmergencyFadeIn" time="0"/>
  <testcase classname="com.sfb.systemgroups.CloakingDeviceTest" name="testFullyCloakedCloakBonusIsFive" time="0"/>
  <testcase classname="com.sfb.systemgroups.CloakingDeviceTest" name="testFadeStepDuringFadeOut" time="0"/>
  <testcase classname="com.sfb.systemgroups.CloakingDeviceTest" name="testDamageWhileInactiveDoesNotChangeFadeState" time="0"/>
  <testcase classname="com.sfb.systemgroups.CloakingDeviceTest" name="testFullyCloakedBreaksLockOn" time="0"/>
  <testcase classname="com.sfb.systemgroups.CloakingDeviceTest" name="testCannotActivateTwiceInOneTurn" time="0"/>
  <testcase classname="com.sfb.systemgroups.CloakingDeviceTest" name="testActivateFailsWithoutCostPaid" time="0"/>
  <testcase classname="com.sfb.systemgroups.CloakingDeviceTest" name="testPowerToActivate" time="0"/>
</testsuite>