<?xml version="1.0" encoding="UTF-8" ?>
<testsuite tests="44" failures="0" name="com.sfb.utilities.MapUtilsTest" time="0.001" errors="0" skipped="0">
  <properties>
[...]
</properties>
  <testcase classname="com.sfb.utilities.MapUtilsTest" name="testRangeSameHex" time="0"/>
  <testcase classname="com.sfb.utilities.MapUtilsTest" name="testAdjacentNEFromOddColumn" time="0"/>
  <testcase classname="com.sfb.utilities.MapUtilsTest" name="testBearingNorth" time="0"/>
  <testcase classname="com.sfb.utilities.MapUtilsTest" name="testBearingSouth" time="0"/>
  <testcase classname="com.sfb.utilities.MapUtilsTest" name="testBearingNortheastSpine" time="0"/>
  <testcase classname="com.sfb.utilities.MapUtilsTest" name="testAdjacentNEFromEvenColumn" time="0"/>
  <testcase classname="com.sfb.utilities.MapUtilsTest" name="testRelativeShieldFacingNorthFacingNorth" time="0"/>
  <testcase classname="com.sfb.utilities.MapUtilsTest" name="testRelativeShieldFacingNorthFacingSouth" time="0"/>
  <testcase classname="com.sfb.utilities.MapUtilsTest" name="testBearingNorthwestSpine" time="0"/>
  <testcase classname="com.sfb.utilities.MapUtilsTest" name="testAbsoluteShieldFacingEast" time="0"/>
  <testcase classname="com.sfb.utilities.MapUtilsTest" name="testAbsoluteShieldFacingWest" time="0"/>
  <testcase classname="com.sfb.utilities.MapUtilsTest" name="testRelativeAndTrueBearingAreInverse" time="0"/>
  <testcase classname="com.sfb.utilities.MapUtilsTest" name="testRelativeBearingFacingNorth" time="0"/>
  <testcase classname="com.sfb.utilities.MapUtilsTest" name="testRelativeBearingFacingSouth" time="0"/>
  <testcase classname="com.sfb.utilities.MapUtilsTest" name="testRangeSameColumn" time="0"/>
  <testcase classname="com.sfb.utilities.MapUtilsTest" name="testAdjacentNorth" time="0"/>
  <testcase classname="com.sfb.utilities.MapUtilsTest" name="testAdjacentSouth" time="0"/>
  <testcase classname="com.sfb.utilities.MapUtilsTest" name="testTrueBearingWrapAround" time="0"/>
  <testcase classname="com.sfb.utilities.MapUtilsTest" name="testAbsoluteShieldFacingNortheast" time="0"/>
  <testcase classname="com.sfb.utilities.MapUtilsTest" name="testAbsoluteShieldFacingNorthwest" time="0"/>
  <testcase classname="com.sfb.utilities.MapUtilsTest" name="testAbsoluteShieldFacingNorth" time="0"/>
  <testcase classname="com.sfb.utilities.MapUtilsTest" name="testAbsoluteShieldFacingNESpine" time="0.001"/>
  <testcase classname="com.sfb.utilities.MapUtilsTest" name="testAbsoluteShieldFacingSouth" time="0"/>
  <testcase classname="com.sfb.utilities.MapUtilsTest" name="testAdjacentNWFromEvenColumn" time="0"/>
  <testcase classname="com.sfb.utilities.MapUtilsTest" name="testBearingSameHex" time="0"/>
  <testcase classname="com.sfb.utilities.MapUtilsTest" name="testAdjacentSEFromEvenColumn" time="0"/>
  <testcase classname="com.sfb.utilities.MapUtilsTest" name="testAbsoluteShieldFacingNWSpine" time="0"/>
  <testcase classname="com.sfb.utilities.MapUtilsTest" name="testBearingEast" time="0"/>
  <testcase classname="com.sfb.utilities.MapUtilsTest" name="testBearingWest" time="0"/>
  <testcase classname="com.sfb.utilities.MapUtilsTest" name="testRangeAboveSideSpan" time="0"/>
  <testcase classname="com.sfb.utilities.MapUtilsTest" name="testRangeBelowSideSpan" time="0"/>
  <testcase classname="com.sfb.utilities.MapUtilsTest" name="testBearingSoutheastSpine" time="0"/>
  <testcase classname="com.sfb.utilities.MapUtilsTest" name="testAdjacentSWFromOddColumn" time="0"/>
  <testcase classname="com.sfb.utilities.MapUtilsTest" name="testBearingSouthwestSpine" time="0"/>
  <testcase classname="com.sfb.utilities.MapUtilsTest" name="testRelativeShieldFacingEastFacingNorth" time="0"/>
  <testcase classname="com.sfb.utilities.MapUtilsTest" name="testAdjacentInvalidBearingReturnsNull" time="0"/>
  <testcase classname="com.sfb.utilities.MapUtilsTest" name="testAdjacentSEFromOddColumn" time="0"/>
  <testcase classname="com.sfb.utilities.MapUtilsTest" name="testRelativeShieldFacingAllSixFacings" time="0"/>
  <testcase classname="com.sfb.utilities.MapUtilsTest" name="testRangePurelyHorizontal" time="0"/>
  <testcase classname="com.sfb.utilities.MapUtilsTest" name="testAdjacentSWFromEvenColumn" time="0"/>
  <testcase classname="com.sfb.utilities.MapUtilsTest" name="testAdjacentNWFromOddColumn" time="0"/>
  <testcase classname="com.sfb.utilities.MapUtilsTest" name="testTrueBearingFacingNorth" time="0"/>
  <testcase classname="com.sfb.utilities.MapUtilsTest" name="testRangeNortheastDiagonal" time="0"/>
  <testcase classname="com.sfb.utilities.MapUtilsTest" name="testTrueBearingFacingEast" time="0"/>
</testsuite>